<?xml version="1.0" encoding="UTF-8"?>
<!-- Generated by org.testng.reporters.JUnitXMLReporter -->
<testsuite hostname="Nayem" ignored="0" name="TestCaseTwo" tests="2" failures="1" timestamp="25 Mar 2020 09:49:00 GMT" time="0.024" errors="0">
  <testcase name="f" time="0.006" classname="com.TestNG.TestBase"/>
  <testcase name="SimpleTest" time="0.001" classname="com.TestNG.TestCaseTwo">
    <failure type="java.lang.NullPointerException">
      <![CDATA[java.lang.NullPointerException
at com.TestNG.TestCaseTwo.SimpleTest(TestCaseTwo.java:11)
... Removed 25 stack frames]]>
    </failure>
  </testcase> <!-- SimpleTest -->
</testsuite> <!-- TestCaseTwo -->
