<?xml version="1.0" encoding="UTF-8"?>
<!-- Generated by org.testng.reporters.JUnitXMLReporter -->
<testsuite hostname="Nayem" ignored="0" name="TestTwo" tests="2" failures="1" timestamp="25 Mar 2020 10:10:21 GMT" time="0.013" errors="0">
  <testcase name="f" time="0.004" classname="com.TestNG.TestBase"/>
  <testcase name="SimpleTest" time="0.002" classname="com.TestNG.TestCaseTwo">
    <failure type="java.lang.NullPointerException">
      <![CDATA[java.lang.NullPointerException
at com.TestNG.TestCaseTwo.SimpleTest(TestCaseTwo.java:11)
... Removed 25 stack frames]]>
    </failure>
  </testcase> <!-- SimpleTest -->
</testsuite> <!-- TestTwo -->
