<?xml version="1.0" encoding="UTF-8"?>
<!-- Generated by org.testng.reporters.JUnitXMLReporter -->
<testsuite hostname="Nayem" ignored="0" name="TestOne" tests="2" failures="1" timestamp="25 Mar 2020 10:10:21 GMT" time="0.034" errors="0">
  <testcase name="f" time="0.003" classname="com.TestNG.TestBase"/>
  <testcase name="SimpleTest" time="0.006" classname="com.TestNG.TestCaseOne">
    <failure type="java.lang.NullPointerException">
      <![CDATA[java.lang.NullPointerException
at com.TestNG.TestCaseOne.SimpleTest(TestCaseOne.java:11)
... Removed 25 stack frames]]>
    </failure>
  </testcase> <!-- SimpleTest -->
</testsuite> <!-- TestOne -->
