<?xml version="1.0" encoding="UTF-8"?>
<!-- Generated by org.testng.reporters.JUnitXMLReporter -->
<testsuite hostname="Nayem" ignored="4" name="TestCaseOne" tests="5" failures="2" timestamp="25 Mar 2020 10:00:45 GMT" time="0.088" errors="0">
  <testcase name="f" time="0.008" classname="com.TestNG.TestBase"/>
  <testcase name="SimpleTest" time="0.007" classname="com.TestNG.TestCaseOne">
    <failure type="java.lang.NullPointerException">
      <![CDATA[java.lang.NullPointerException
at com.TestNG.TestCaseOne.SimpleTest(TestCaseOne.java:11)
... Removed 25 stack frames]]>
    </failure>
  </testcase> <!-- SimpleTest -->
  <testcase name="f" time="0.004" classname="com.TestNG.TestBase"/>
  <testcase name="SimpleTest" time="0.005" classname="com.TestNG.TestCaseTwo">
    <failure type="java.lang.NullPointerException">
      <![CDATA[java.lang.NullPointerException
at com.TestNG.TestCaseTwo.SimpleTest(TestCaseTwo.java:11)
... Removed 25 stack frames]]>
    </failure>
  </testcase> <!-- SimpleTest -->
  <testcase name="f" time="0.002" classname="com.TestNG.TestBase"/>
  <testcase name="@BeforeSuite BrowserConfigaration" time="0.0" classname="com.TestNG.TestBase">
    <ignored/>
  </testcase> <!-- @BeforeSuite BrowserConfigaration -->
  <testcase name="@BeforeSuite BrowserConfigaration" time="0.0" classname="com.TestNG.TestBase">
    <ignored/>
  </testcase> <!-- @BeforeSuite BrowserConfigaration -->
  <testcase name="@AfterSuite TestClosed" time="0.0" classname="com.TestNG.TestBase">
    <ignored/>
  </testcase> <!-- @AfterSuite TestClosed -->
  <testcase name="@AfterSuite TestClosed" time="0.0" classname="com.TestNG.TestBase">
    <ignored/>
  </testcase> <!-- @AfterSuite TestClosed -->
</testsuite> <!-- TestCaseOne -->
