<?xml version="1.0" encoding="UTF-8"?>
<!-- Generated by org.testng.reporters.JUnitXMLReporter -->
<testsuite hostname="Nayem" ignored="2" name="MultipleTest" tests="3" failures="1" timestamp="02 Mar 2020 17:33:49 GMT" time="4.001" errors="0">
  <testcase name="f" time="0.011" classname="com.TestNGtest.TestBase"/>
  <testcase name="SimpleTest" time="3.945" classname="com.TestNGtest.TestCase1"/>
  <testcase name="f" time="0.002" classname="com.TestNGtest.TestCase2">
    <failure type="java.lang.NullPointerException">
      <![CDATA[java.lang.NullPointerException
at com.TestNGtest.TestCase2.f(TestCase2.java:8)
... Removed 25 stack frames]]>
    </failure>
  </testcase> <!-- f -->
  <testcase name="@BeforeSuite BrowserConfig" time="0.0" classname="com.TestNGtest.TestBase">
    <ignored/>
  </testcase> <!-- @BeforeSuite BrowserConfig -->
  <testcase name="@AfterSuite TestClose" time="0.0" classname="com.TestNGtest.TestBase">
    <ignored/>
  </testcase> <!-- @AfterSuite TestClose -->
</testsuite> <!-- MultipleTest -->
