<?xml version="1.0" encoding="UTF-8"?>
<!-- Generated by org.testng.reporters.JUnitXMLReporter -->
<testsuite hostname="Nayem" ignored="0" name="Default test" tests="3" failures="0" timestamp="03 Mar 2020 10:09:03 GMT" time="42.035" errors="0">
  <testcase name="loginTest" time="12.351" classname="com.TestNGtest.DataProviderImplement"/>
  <testcase name="loginTest" time="13.154" classname="com.TestNGtest.DataProviderImplement"/>
  <testcase name="loginTest" time="16.441" classname="com.TestNGtest.DataProviderImplement"/>
</testsuite> <!-- Default test -->
