<?xml version="1.0" encoding="UTF-8"?>
<!-- Generated by org.testng.reporters.JUnitXMLReporter -->
<testsuite hostname="Nayem" ignored="0" name="database" tests="4" failures="0" timestamp="25 Mar 2020 10:23:38 GMT" time="0.026" errors="0">
  <testcase name="testConnectMongoDB" time="0.002" classname="com.TestNG_MultipleTest.TestDatabase"/>
  <testcase name="testConnectMsSQL" time="0.003" classname="com.TestNG_MultipleTest.TestDatabase"/>
  <testcase name="testConnectMySQL" time="0.003" classname="com.TestNG_MultipleTest.TestDatabase"/>
  <testcase name="testConnectOracle" time="0.002" classname="com.TestNG_MultipleTest.TestDatabase"/>
</testsuite> <!-- database -->
