<?xml version="1.0" encoding="UTF-8"?>
<!-- Generated by org.testng.reporters.JUnitXMLReporter -->
<testsuite hostname="Nayem" ignored="0" name="order" tests="4" failures="0" timestamp="25 Mar 2020 10:23:38 GMT" time="0.067" errors="0">
  <testcase name="testFindOrder" time="0.009" classname="com.TestNG_MultipleTest.TestOrder"/>
  <testcase name="testMakeEmptyOrder" time="0.003" classname="com.TestNG_MultipleTest.TestOrder"/>
  <testcase name="testMakeOrder" time="0.003" classname="com.TestNG_MultipleTest.TestOrder"/>
  <testcase name="testUpdateOrder" time="0.002" classname="com.TestNG_MultipleTest.TestOrder"/>
</testsuite> <!-- order -->
