<?xml version="1.0" encoding="UTF-8"?>
<testng-results skipped="0" failed="0" ignored="0" total="3" passed="3">
  <reporter-output>
  </reporter-output>
  <suite name="Default suite" duration-ms="42035" started-at="2020-03-03T10:08:21Z" finished-at="2020-03-03T10:09:03Z">
    <groups>
    </groups>
    <test name="Default test" duration-ms="42035" started-at="2020-03-03T10:08:21Z" finished-at="2020-03-03T10:09:03Z">
      <class name="com.TestNGtest.DataProviderImplement">
        <test-method status="PASS" signature="loginTest(java.lang.String, java.lang.String)[pri:0, instance:com.TestNGtest.DataProviderImplement@1bce4f0a]" name="loginTest" duration-ms="12351" started-at="2020-03-03T10:08:21Z" data-provider="searchData" finished-at="2020-03-03T10:08:33Z">
          <params>
            <param index="0">
              <value>
                <![CDATA[admin]]>
              </value>
            </param>
            <param index="1">
              <value>
                <![CDATA[1234]]>
              </value>
            </param>
          </params>
          <reporter-output>
          </reporter-output>
        </test-method> <!-- loginTest -->
        <test-method status="PASS" signature="loginTest(java.lang.String, java.lang.String)[pri:0, instance:com.TestNGtest.DataProviderImplement@1bce4f0a]" name="loginTest" duration-ms="13154" started-at="2020-03-03T10:08:33Z" data-provider="searchData" finished-at="2020-03-03T10:08:46Z">
          <params>
            <param index="0">
              <value>
                <![CDATA[admin1]]>
              </value>
            </param>
            <param index="1">
              <value>
                <![CDATA[123456]]>
              </value>
            </param>
          </params>
          <reporter-output>
          </reporter-output>
        </test-method> <!-- loginTest -->
        <test-method status="PASS" signature="loginTest(java.lang.String, java.lang.String)[pri:0, instance:com.TestNGtest.DataProviderImplement@1bce4f0a]" name="loginTest" duration-ms="16441" started-at="2020-03-03T10:08:46Z" data-provider="searchData" finished-at="2020-03-03T10:09:03Z">
          <params>
            <param index="0">
              <value>
                <![CDATA[admin2]]>
              </value>
            </param>
            <param index="1">
              <value>
                <![CDATA[12345678]]>
              </value>
            </param>
          </params>
          <reporter-output>
          </reporter-output>
        </test-method> <!-- loginTest -->
      </class> <!-- com.TestNGtest.DataProviderImplement -->
    </test> <!-- Default test -->
  </suite> <!-- Default suite -->
</testng-results>
